## Footprint report - date 04/07/21 17:59:54
## Created by Pcbnew version kicad (5.1.9)-1
## Unit = mm, Angle = deg.

$BeginDESCRIPTION

$BOARD
upper_left_corner 73.921667 16.514500
lower_right_corner 170.808335 83.472501
$EndBOARD

$MODULE "S2"
reference "S2"
value "SOCKET"
footprint "icarus_interface:Socket"
attribut none
position 143.050000 29.210000  orientation 0.00
layer front
$PAD "8"
Shape Circle Layer both
position -11.430000 21.590000  size  1.700000  1.700000  orientation 0.00
drill  1.000000
shape_offset  0.000000  0.000000
$EndPAD
$PAD "13"
Shape Circle Layer both
position 11.430000 21.590000  size  1.700000  1.700000  orientation 0.00
drill  1.000000
shape_offset  0.000000  0.000000
$EndPAD
$PAD "14"
Shape Circle Layer both
position 11.430000 24.130000  size  1.700000  1.700000  orientation 0.00
drill  1.000000
shape_offset  0.000000  0.000000
$EndPAD
$PAD "15"
Shape Circle Layer both
position 11.430000 26.670000  size  1.700000  1.700000  orientation 0.00
drill  1.000000
shape_offset  0.000000  0.000000
$EndPAD
$PAD "16"
Shape Circle Layer both
position 11.430000 29.210000  size  1.700000  1.700000  orientation 0.00
drill  1.000000
shape_offset  0.000000  0.000000
$EndPAD
$PAD "17"
Shape Circle Layer both
position 11.430000 31.750000  size  1.700000  1.700000  orientation 0.00
drill  1.000000
shape_offset  0.000000  0.000000
$EndPAD
$PAD "18"
Shape Circle Layer both
position 11.430000 34.290000  size  1.700000  1.700000  orientation 0.00
drill  1.000000
shape_offset  0.000000  0.000000
$EndPAD
$PAD "19"
Shape Circle Layer both
position 11.430000 36.830000  size  1.700000  1.700000  orientation 0.00
drill  1.000000
shape_offset  0.000000  0.000000
$EndPAD
$PAD "20"
Shape Circle Layer both
position 11.430000 39.370000  size  1.700000  1.700000  orientation 0.00
drill  1.000000
shape_offset  0.000000  0.000000
$EndPAD
$PAD "7"
Shape Circle Layer both
position -11.430000 24.130000  size  1.700000  1.700000  orientation 0.00
drill  1.000000
shape_offset  0.000000  0.000000
$EndPAD
$PAD "6"
Shape Circle Layer both
position -11.430000 26.670000  size  1.700000  1.700000  orientation 0.00
drill  1.000000
shape_offset  0.000000  0.000000
$EndPAD
$PAD "5"
Shape Circle Layer both
position -11.430000 29.210000  size  1.700000  1.700000  orientation 0.00
drill  1.000000
shape_offset  0.000000  0.000000
$EndPAD
$PAD "4"
Shape Circle Layer both
position -11.430000 31.750000  size  1.700000  1.700000  orientation 0.00
drill  1.000000
shape_offset  0.000000  0.000000
$EndPAD
$PAD "3"
Shape Circle Layer both
position -11.430000 34.290000  size  1.700000  1.700000  orientation 0.00
drill  1.000000
shape_offset  0.000000  0.000000
$EndPAD
$PAD "2"
Shape Circle Layer both
position -11.430000 36.830000  size  1.700000  1.700000  orientation 0.00
drill  1.000000
shape_offset  0.000000  0.000000
$EndPAD
$PAD "1"
Shape Circle Layer both
position -11.430000 39.370000  size  1.700000  1.700000  orientation 0.00
drill  1.000000
shape_offset  0.000000  0.000000
$EndPAD
$PAD "12"
Shape Circle Layer both
position  3.810000  1.270000  size  1.700000  1.700000  orientation 0.00
drill  1.000000
shape_offset  0.000000  0.000000
$EndPAD
$PAD "11"
Shape Circle Layer both
position  1.270000  1.270000  size  1.700000  1.700000  orientation 0.00
drill  1.000000
shape_offset  0.000000  0.000000
$EndPAD
$PAD "9"
Shape Circle Layer both
position -3.810000  1.270000  size  1.700000  1.700000  orientation 0.00
drill  1.000000
shape_offset  0.000000  0.000000
$EndPAD
$PAD "10"
Shape Circle Layer both
position -1.270000  1.270000  size  1.700000  1.700000  orientation 0.00
drill  1.000000
shape_offset  0.000000  0.000000
$EndPAD
$EndMODULE  S2

$MODULE "S1"
reference "S1"
value "HALF_SOCKET"
footprint "icarus_interface:half_socket"
attribut none
position 99.060000 29.210000  orientation 0.00
layer front
$PAD "8"
Shape Circle Layer both
position -11.430000 21.590000  size  1.700000  1.700000  orientation 0.00
drill  1.000000
shape_offset  0.000000  0.000000
$EndPAD
$PAD "13"
Shape Circle Layer both
position 11.430000 21.590000  size  1.700000  1.700000  orientation 0.00
drill  1.000000
shape_offset  0.000000  0.000000
$EndPAD
$PAD "14"
Shape Circle Layer both
position 11.430000 24.130000  size  1.700000  1.700000  orientation 0.00
drill  1.000000
shape_offset  0.000000  0.000000
$EndPAD
$PAD "15"
Shape Circle Layer both
position 11.430000 26.670000  size  1.700000  1.700000  orientation 0.00
drill  1.000000
shape_offset  0.000000  0.000000
$EndPAD
$PAD "16"
Shape Circle Layer both
position 11.430000 29.210000  size  1.700000  1.700000  orientation 0.00
drill  1.000000
shape_offset  0.000000  0.000000
$EndPAD
$PAD "7"
Shape Circle Layer both
position -11.430000 24.130000  size  1.700000  1.700000  orientation 0.00
drill  1.000000
shape_offset  0.000000  0.000000
$EndPAD
$PAD "6"
Shape Circle Layer both
position -11.430000 26.670000  size  1.700000  1.700000  orientation 0.00
drill  1.000000
shape_offset  0.000000  0.000000
$EndPAD
$PAD "5"
Shape Circle Layer both
position -11.430000 29.210000  size  1.700000  1.700000  orientation 0.00
drill  1.000000
shape_offset  0.000000  0.000000
$EndPAD
$PAD "4"
Shape Circle Layer both
position -11.430000 31.750000  size  1.700000  1.700000  orientation 0.00
drill  1.000000
shape_offset  0.000000  0.000000
$EndPAD
$PAD "3"
Shape Circle Layer both
position -11.430000 34.290000  size  1.700000  1.700000  orientation 0.00
drill  1.000000
shape_offset  0.000000  0.000000
$EndPAD
$PAD "2"
Shape Circle Layer both
position -11.430000 36.830000  size  1.700000  1.700000  orientation 0.00
drill  1.000000
shape_offset  0.000000  0.000000
$EndPAD
$PAD "1"
Shape Circle Layer both
position -11.430000 39.370000  size  1.700000  1.700000  orientation 0.00
drill  1.000000
shape_offset  0.000000  0.000000
$EndPAD
$PAD "9"
Shape Circle Layer both
position -3.810000  1.270000  size  1.700000  1.700000  orientation 0.00
drill  1.000000
shape_offset  0.000000  0.000000
$EndPAD
$PAD "10"
Shape Circle Layer both
position -1.270000  1.270000  size  1.700000  1.700000  orientation 0.00
drill  1.000000
shape_offset  0.000000  0.000000
$EndPAD
$EndMODULE  S1

$MODULE "D4"
reference "D4"
value "D"
footprint "icarus_interface:POWERDIODE"
attribut smd
position 153.416000 46.863000  orientation 180.00
layer front
$PAD "2"
Shape Rect Layer front
position -0.920000  3.982000  size  1.390000  1.400000  orientation 0.00
drill  0.000000
shape_offset  0.000000  0.000000
$EndPAD
$PAD "2"
Shape Rect Layer front
position  0.920000  3.982000  size  1.390000  1.400000  orientation 0.00
drill  0.000000
shape_offset  0.000000  0.000000
$EndPAD
$PAD "1"
Shape Rect Layer front
position  0.000000  0.000000  size  3.360000  4.860000  orientation 0.00
drill  0.000000
shape_offset  0.000000  0.000000
$EndPAD
$EndMODULE  D4

$MODULE "IC1"
reference "IC1"
value "MC74VHC1GT50DBVT1G"
footprint "icarus_interface:SOT65P210X110-5N"
attribut smd
position 127.254000 35.814000  orientation 0.00
layer front
$PAD "5"
Shape Rect Layer front
position  1.050000 -0.650000  size  0.400000  0.850000  orientation 90.00
drill  0.000000
shape_offset  0.000000  0.000000
$EndPAD
$PAD "4"
Shape Rect Layer front
position  1.050000  0.650000  size  0.400000  0.850000  orientation 90.00
drill  0.000000
shape_offset  0.000000  0.000000
$EndPAD
$PAD "3"
Shape Rect Layer front
position -1.050000  0.650000  size  0.400000  0.850000  orientation 90.00
drill  0.000000
shape_offset  0.000000  0.000000
$EndPAD
$PAD "2"
Shape Rect Layer front
position -1.050000  0.000000  size  0.400000  0.850000  orientation 90.00
drill  0.000000
shape_offset  0.000000  0.000000
$EndPAD
$PAD "1"
Shape Rect Layer front
position -1.050000 -0.650000  size  0.400000  0.850000  orientation 90.00
drill  0.000000
shape_offset  0.000000  0.000000
$EndPAD
$EndMODULE  IC1

$MODULE "IC2"
reference "IC2"
value "TPS54540BDDA"
footprint "pegasus_interface:SOIC127P600X170-9N"
attribut smd
position 148.082000 42.418000  orientation 270.00
layer front
$PAD "1"
Shape Rect Layer front
position -2.712000 -1.905000  size  0.650000  1.525000  orientation -270.00
drill  0.000000
shape_offset  0.000000  0.000000
$EndPAD
$PAD "2"
Shape Rect Layer front
position -2.712000 -0.635000  size  0.650000  1.525000  orientation -270.00
drill  0.000000
shape_offset  0.000000  0.000000
$EndPAD
$PAD "3"
Shape Rect Layer front
position -2.712000  0.635000  size  0.650000  1.525000  orientation -270.00
drill  0.000000
shape_offset  0.000000  0.000000
$EndPAD
$PAD "4"
Shape Rect Layer front
position -2.712000  1.905000  size  0.650000  1.525000  orientation -270.00
drill  0.000000
shape_offset  0.000000  0.000000
$EndPAD
$PAD "5"
Shape Rect Layer front
position  2.712000  1.905000  size  0.650000  1.525000  orientation -270.00
drill  0.000000
shape_offset  0.000000  0.000000
$EndPAD
$PAD "6"
Shape Rect Layer front
position  2.712000  0.635000  size  0.650000  1.525000  orientation -270.00
drill  0.000000
shape_offset  0.000000  0.000000
$EndPAD
$PAD "7"
Shape Rect Layer front
position  2.712000 -0.635000  size  0.650000  1.525000  orientation -270.00
drill  0.000000
shape_offset  0.000000  0.000000
$EndPAD
$PAD "8"
Shape Rect Layer front
position  2.712000 -1.905000  size  0.650000  1.525000  orientation -270.00
drill  0.000000
shape_offset  0.000000  0.000000
$EndPAD
$PAD "9"
Shape Rect Layer front
position  0.000000  0.000000  size  2.400000  3.100000  orientation 0.00
drill  0.000000
shape_offset  0.000000  0.000000
$EndPAD
$EndMODULE  IC2

$MODULE "J2"
reference "J2"
value "MEZZANINE"
footprint "icarus_interface:MEZZANINE"
attribut smd
position 112.630000 67.606000  orientation 180.00
layer front
$PAD "100"
Shape Rect Layer front
position  9.800000 -1.540000  size  0.200000  0.700000  orientation 0.00
drill  0.000000
shape_offset  0.000000  0.000000
$EndPAD
$PAD "99"
Shape Rect Layer front
position  9.800000  1.540000  size  0.200000  0.700000  orientation 0.00
drill  0.000000
shape_offset  0.000000  0.000000
$EndPAD
$PAD "98"
Shape Rect Layer front
position  9.400000 -1.540000  size  0.200000  0.700000  orientation 0.00
drill  0.000000
shape_offset  0.000000  0.000000
$EndPAD
$PAD "97"
Shape Rect Layer front
position  9.400000  1.540000  size  0.200000  0.700000  orientation 0.00
drill  0.000000
shape_offset  0.000000  0.000000
$EndPAD
$PAD "96"
Shape Rect Layer front
position  9.000000 -1.540000  size  0.200000  0.700000  orientation 0.00
drill  0.000000
shape_offset  0.000000  0.000000
$EndPAD
$PAD "95"
Shape Rect Layer front
position  9.000000  1.540000  size  0.200000  0.700000  orientation 0.00
drill  0.000000
shape_offset  0.000000  0.000000
$EndPAD
$PAD "94"
Shape Rect Layer front
position  8.600000 -1.540000  size  0.200000  0.700000  orientation 0.00
drill  0.000000
shape_offset  0.000000  0.000000
$EndPAD
$PAD "93"
Shape Rect Layer front
position  8.600000  1.540000  size  0.200000  0.700000  orientation 0.00
drill  0.000000
shape_offset  0.000000  0.000000
$EndPAD
$PAD "92"
Shape Rect Layer front
position  8.200000 -1.540000  size  0.200000  0.700000  orientation 0.00
drill  0.000000
shape_offset  0.000000  0.000000
$EndPAD
$PAD "91"
Shape Rect Layer front
position  8.200000  1.540000  size  0.200000  0.700000  orientation 0.00
drill  0.000000
shape_offset  0.000000  0.000000
$EndPAD
$PAD "90"
Shape Rect Layer front
position  7.800000 -1.540000  size  0.200000  0.700000  orientation 0.00
drill  0.000000
shape_offset  0.000000  0.000000
$EndPAD
$PAD "89"
Shape Rect Layer front
position  7.800000  1.540000  size  0.200000  0.700000  orientation 0.00
drill  0.000000
shape_offset  0.000000  0.000000
$EndPAD
$PAD "88"
Shape Rect Layer front
position  7.400000 -1.540000  size  0.200000  0.700000  orientation 0.00
drill  0.000000
shape_offset  0.000000  0.000000
$EndPAD
$PAD "87"
Shape Rect Layer front
position  7.400000  1.540000  size  0.200000  0.700000  orientation 0.00
drill  0.000000
shape_offset  0.000000  0.000000
$EndPAD
$PAD "86"
Shape Rect Layer front
position  7.000000 -1.540000  size  0.200000  0.700000  orientation 0.00
drill  0.000000
shape_offset  0.000000  0.000000
$EndPAD
$PAD "85"
Shape Rect Layer front
position  7.000000  1.540000  size  0.200000  0.700000  orientation 0.00
drill  0.000000
shape_offset  0.000000  0.000000
$EndPAD
$PAD "84"
Shape Rect Layer front
position  6.600000 -1.540000  size  0.200000  0.700000  orientation 0.00
drill  0.000000
shape_offset  0.000000  0.000000
$EndPAD
$PAD "83"
Shape Rect Layer front
position  6.600000  1.540000  size  0.200000  0.700000  orientation 0.00
drill  0.000000
shape_offset  0.000000  0.000000
$EndPAD
$PAD "82"
Shape Rect Layer front
position  6.200000 -1.540000  size  0.200000  0.700000  orientation 0.00
drill  0.000000
shape_offset  0.000000  0.000000
$EndPAD
$PAD "81"
Shape Rect Layer front
position  6.200000  1.540000  size  0.200000  0.700000  orientation 0.00
drill  0.000000
shape_offset  0.000000  0.000000
$EndPAD
$PAD "80"
Shape Rect Layer front
position  5.800000 -1.540000  size  0.200000  0.700000  orientation 0.00
drill  0.000000
shape_offset  0.000000  0.000000
$EndPAD
$PAD "79"
Shape Rect Layer front
position  5.800000  1.540000  size  0.200000  0.700000  orientation 0.00
drill  0.000000
shape_offset  0.000000  0.000000
$EndPAD
$PAD "78"
Shape Rect Layer front
position  5.400000 -1.540000  size  0.200000  0.700000  orientation 0.00
drill  0.000000
shape_offset  0.000000  0.000000
$EndPAD
$PAD "77"
Shape Rect Layer front
position  5.400000  1.540000  size  0.200000  0.700000  orientation 0.00
drill  0.000000
shape_offset  0.000000  0.000000
$EndPAD
$PAD "76"
Shape Rect Layer front
position  5.000000 -1.540000  size  0.200000  0.700000  orientation 0.00
drill  0.000000
shape_offset  0.000000  0.000000
$EndPAD
$PAD "75"
Shape Rect Layer front
position  5.000000  1.540000  size  0.200000  0.700000  orientation 0.00
drill  0.000000
shape_offset  0.000000  0.000000
$EndPAD
$PAD "74"
Shape Rect Layer front
position  4.600000 -1.540000  size  0.200000  0.700000  orientation 0.00
drill  0.000000
shape_offset  0.000000  0.000000
$EndPAD
$PAD "73"
Shape Rect Layer front
position  4.600000  1.540000  size  0.200000  0.700000  orientation 0.00
drill  0.000000
shape_offset  0.000000  0.000000
$EndPAD
$PAD "72"
Shape Rect Layer front
position  4.200000 -1.540000  size  0.200000  0.700000  orientation 0.00
drill  0.000000
shape_offset  0.000000  0.000000
$EndPAD
$PAD "71"
Shape Rect Layer front
position  4.200000  1.540000  size  0.200000  0.700000  orientation 0.00
drill  0.000000
shape_offset  0.000000  0.000000
$EndPAD
$PAD "70"
Shape Rect Layer front
position  3.800000 -1.540000  size  0.200000  0.700000  orientation 0.00
drill  0.000000
shape_offset  0.000000  0.000000
$EndPAD
$PAD "69"
Shape Rect Layer front
position  3.800000  1.540000  size  0.200000  0.700000  orientation 0.00
drill  0.000000
shape_offset  0.000000  0.000000
$EndPAD
$PAD "68"
Shape Rect Layer front
position  3.400000 -1.540000  size  0.200000  0.700000  orientation 0.00
drill  0.000000
shape_offset  0.000000  0.000000
$EndPAD
$PAD "67"
Shape Rect Layer front
position  3.400000  1.540000  size  0.200000  0.700000  orientation 0.00
drill  0.000000
shape_offset  0.000000  0.000000
$EndPAD
$PAD "66"
Shape Rect Layer front
position  3.000000 -1.540000  size  0.200000  0.700000  orientation 0.00
drill  0.000000
shape_offset  0.000000  0.000000
$EndPAD
$PAD "65"
Shape Rect Layer front
position  3.000000  1.540000  size  0.200000  0.700000  orientation 0.00
drill  0.000000
shape_offset  0.000000  0.000000
$EndPAD
$PAD "64"
Shape Rect Layer front
position  2.600000 -1.540000  size  0.200000  0.700000  orientation 0.00
drill  0.000000
shape_offset  0.000000  0.000000
$EndPAD
$PAD "63"
Shape Rect Layer front
position  2.600000  1.540000  size  0.200000  0.700000  orientation 0.00
drill  0.000000
shape_offset  0.000000  0.000000
$EndPAD
$PAD "62"
Shape Rect Layer front
position  2.200000 -1.540000  size  0.200000  0.700000  orientation 0.00
drill  0.000000
shape_offset  0.000000  0.000000
$EndPAD
$PAD "61"
Shape Rect Layer front
position  2.200000  1.540000  size  0.200000  0.700000  orientation 0.00
drill  0.000000
shape_offset  0.000000  0.000000
$EndPAD
$PAD "60"
Shape Rect Layer front
position  1.800000 -1.540000  size  0.200000  0.700000  orientation 0.00
drill  0.000000
shape_offset  0.000000  0.000000
$EndPAD
$PAD "59"
Shape Rect Layer front
position  1.800000  1.540000  size  0.200000  0.700000  orientation 0.00
drill  0.000000
shape_offset  0.000000  0.000000
$EndPAD
$PAD "58"
Shape Rect Layer front
position  1.400000 -1.540000  size  0.200000  0.700000  orientation 0.00
drill  0.000000
shape_offset  0.000000  0.000000
$EndPAD
$PAD "57"
Shape Rect Layer front
position  1.400000  1.540000  size  0.200000  0.700000  orientation 0.00
drill  0.000000
shape_offset  0.000000  0.000000
$EndPAD
$PAD "56"
Shape Rect Layer front
position  1.000000 -1.540000  size  0.200000  0.700000  orientation 0.00
drill  0.000000
shape_offset  0.000000  0.000000
$EndPAD
$PAD "55"
Shape Rect Layer front
position  1.000000  1.540000  size  0.200000  0.700000  orientation 0.00
drill  0.000000
shape_offset  0.000000  0.000000
$EndPAD
$PAD "54"
Shape Rect Layer front
position  0.600000 -1.540000  size  0.200000  0.700000  orientation 0.00
drill  0.000000
shape_offset  0.000000  0.000000
$EndPAD
$PAD "53"
Shape Rect Layer front
position  0.600000  1.540000  size  0.200000  0.700000  orientation 0.00
drill  0.000000
shape_offset  0.000000  0.000000
$EndPAD
$PAD "52"
Shape Rect Layer front
position  0.200000 -1.540000  size  0.200000  0.700000  orientation 0.00
drill  0.000000
shape_offset  0.000000  0.000000
$EndPAD
$PAD "51"
Shape Rect Layer front
position  0.200000  1.540000  size  0.200000  0.700000  orientation 0.00
drill  0.000000
shape_offset  0.000000  0.000000
$EndPAD
$PAD "50"
Shape Rect Layer front
position -0.200000 -1.540000  size  0.200000  0.700000  orientation 0.00
drill  0.000000
shape_offset  0.000000  0.000000
$EndPAD
$PAD "49"
Shape Rect Layer front
position -0.200000  1.540000  size  0.200000  0.700000  orientation 0.00
drill  0.000000
shape_offset  0.000000  0.000000
$EndPAD
$PAD "48"
Shape Rect Layer front
position -0.600000 -1.540000  size  0.200000  0.700000  orientation 0.00
drill  0.000000
shape_offset  0.000000  0.000000
$EndPAD
$PAD "47"
Shape Rect Layer front
position -0.600000  1.540000  size  0.200000  0.700000  orientation 0.00
drill  0.000000
shape_offset  0.000000  0.000000
$EndPAD
$PAD "46"
Shape Rect Layer front
position -1.000000 -1.540000  size  0.200000  0.700000  orientation 0.00
drill  0.000000
shape_offset  0.000000  0.000000
$EndPAD
$PAD "45"
Shape Rect Layer front
position -1.000000  1.540000  size  0.200000  0.700000  orientation 0.00
drill  0.000000
shape_offset  0.000000  0.000000
$EndPAD
$PAD "44"
Shape Rect Layer front
position -1.400000 -1.540000  size  0.200000  0.700000  orientation 0.00
drill  0.000000
shape_offset  0.000000  0.000000
$EndPAD
$PAD "43"
Shape Rect Layer front
position -1.400000  1.540000  size  0.200000  0.700000  orientation 0.00
drill  0.000000
shape_offset  0.000000  0.000000
$EndPAD
$PAD "42"
Shape Rect Layer front
position -1.800000 -1.540000  size  0.200000  0.700000  orientation 0.00
drill  0.000000
shape_offset  0.000000  0.000000
$EndPAD
$PAD "41"
Shape Rect Layer front
position -1.800000  1.540000  size  0.200000  0.700000  orientation 0.00
drill  0.000000
shape_offset  0.000000  0.000000
$EndPAD
$PAD "40"
Shape Rect Layer front
position -2.200000 -1.540000  size  0.200000  0.700000  orientation 0.00
drill  0.000000
shape_offset  0.000000  0.000000
$EndPAD
$PAD "39"
Shape Rect Layer front
position -2.200000  1.540000  size  0.200000  0.700000  orientation 0.00
drill  0.000000
shape_offset  0.000000  0.000000
$EndPAD
$PAD "38"
Shape Rect Layer front
position -2.600000 -1.540000  size  0.200000  0.700000  orientation 0.00
drill  0.000000
shape_offset  0.000000  0.000000
$EndPAD
$PAD "37"
Shape Rect Layer front
position -2.600000  1.540000  size  0.200000  0.700000  orientation 0.00
drill  0.000000
shape_offset  0.000000  0.000000
$EndPAD
$PAD "36"
Shape Rect Layer front
position -3.000000 -1.540000  size  0.200000  0.700000  orientation 0.00
drill  0.000000
shape_offset  0.000000  0.000000
$EndPAD
$PAD "35"
Shape Rect Layer front
position -3.000000  1.540000  size  0.200000  0.700000  orientation 0.00
drill  0.000000
shape_offset  0.000000  0.000000
$EndPAD
$PAD "34"
Shape Rect Layer front
position -3.400000 -1.540000  size  0.200000  0.700000  orientation 0.00
drill  0.000000
shape_offset  0.000000  0.000000
$EndPAD
$PAD "33"
Shape Rect Layer front
position -3.400000  1.540000  size  0.200000  0.700000  orientation 0.00
drill  0.000000
shape_offset  0.000000  0.000000
$EndPAD
$PAD "32"
Shape Rect Layer front
position -3.800000 -1.540000  size  0.200000  0.700000  orientation 0.00
drill  0.000000
shape_offset  0.000000  0.000000
$EndPAD
$PAD "31"
Shape Rect Layer front
position -3.800000  1.540000  size  0.200000  0.700000  orientation 0.00
drill  0.000000
shape_offset  0.000000  0.000000
$EndPAD
$PAD "30"
Shape Rect Layer front
position -4.200000 -1.540000  size  0.200000  0.700000  orientation 0.00
drill  0.000000
shape_offset  0.000000  0.000000
$EndPAD
$PAD "29"
Shape Rect Layer front
position -4.200000  1.540000  size  0.200000  0.700000  orientation 0.00
drill  0.000000
shape_offset  0.000000  0.000000
$EndPAD
$PAD "28"
Shape Rect Layer front
position -4.600000 -1.540000  size  0.200000  0.700000  orientation 0.00
drill  0.000000
shape_offset  0.000000  0.000000
$EndPAD
$PAD "27"
Shape Rect Layer front
position -4.600000  1.540000  size  0.200000  0.700000  orientation 0.00
drill  0.000000
shape_offset  0.000000  0.000000
$EndPAD
$PAD "26"
Shape Rect Layer front
position -5.000000 -1.540000  size  0.200000  0.700000  orientation 0.00
drill  0.000000
shape_offset  0.000000  0.000000
$EndPAD
$PAD "25"
Shape Rect Layer front
position -5.000000  1.540000  size  0.200000  0.700000  orientation 0.00
drill  0.000000
shape_offset  0.000000  0.000000
$EndPAD
$PAD "24"
Shape Rect Layer front
position -5.400000 -1.540000  size  0.200000  0.700000  orientation 0.00
drill  0.000000
shape_offset  0.000000  0.000000
$EndPAD
$PAD "23"
Shape Rect Layer front
position -5.400000  1.540000  size  0.200000  0.700000  orientation 0.00
drill  0.000000
shape_offset  0.000000  0.000000
$EndPAD
$PAD "22"
Shape Rect Layer front
position -5.800000 -1.540000  size  0.200000  0.700000  orientation 0.00
drill  0.000000
shape_offset  0.000000  0.000000
$EndPAD
$PAD "21"
Shape Rect Layer front
position -5.800000  1.540000  size  0.200000  0.700000  orientation 0.00
drill  0.000000
shape_offset  0.000000  0.000000
$EndPAD
$PAD "20"
Shape Rect Layer front
position -6.200000 -1.540000  size  0.200000  0.700000  orientation 0.00
drill  0.000000
shape_offset  0.000000  0.000000
$EndPAD
$PAD "19"
Shape Rect Layer front
position -6.200000  1.540000  size  0.200000  0.700000  orientation 0.00
drill  0.000000
shape_offset  0.000000  0.000000
$EndPAD
$PAD "18"
Shape Rect Layer front
position -6.600000 -1.540000  size  0.200000  0.700000  orientation 0.00
drill  0.000000
shape_offset  0.000000  0.000000
$EndPAD
$PAD "17"
Shape Rect Layer front
position -6.600000  1.540000  size  0.200000  0.700000  orientation 0.00
drill  0.000000
shape_offset  0.000000  0.000000
$EndPAD
$PAD "16"
Shape Rect Layer front
position -7.000000 -1.540000  size  0.200000  0.700000  orientation 0.00
drill  0.000000
shape_offset  0.000000  0.000000
$EndPAD
$PAD "15"
Shape Rect Layer front
position -7.000000  1.540000  size  0.200000  0.700000  orientation 0.00
drill  0.000000
shape_offset  0.000000  0.000000
$EndPAD
$PAD "14"
Shape Rect Layer front
position -7.400000 -1.540000  size  0.200000  0.700000  orientation 0.00
drill  0.000000
shape_offset  0.000000  0.000000
$EndPAD
$PAD "13"
Shape Rect Layer front
position -7.400000  1.540000  size  0.200000  0.700000  orientation 0.00
drill  0.000000
shape_offset  0.000000  0.000000
$EndPAD
$PAD "12"
Shape Rect Layer front
position -7.800000 -1.540000  size  0.200000  0.700000  orientation 0.00
drill  0.000000
shape_offset  0.000000  0.000000
$EndPAD
$PAD "11"
Shape Rect Layer front
position -7.800000  1.540000  size  0.200000  0.700000  orientation 0.00
drill  0.000000
shape_offset  0.000000  0.000000
$EndPAD
$PAD "10"
Shape Rect Layer front
position -8.200000 -1.540000  size  0.200000  0.700000  orientation 0.00
drill  0.000000
shape_offset  0.000000  0.000000
$EndPAD
$PAD "9"
Shape Rect Layer front
position -8.200000  1.540000  size  0.200000  0.700000  orientation 0.00
drill  0.000000
shape_offset  0.000000  0.000000
$EndPAD
$PAD "8"
Shape Rect Layer front
position -8.600000 -1.540000  size  0.200000  0.700000  orientation 0.00
drill  0.000000
shape_offset  0.000000  0.000000
$EndPAD
$PAD "7"
Shape Rect Layer front
position -8.600000  1.540000  size  0.200000  0.700000  orientation 0.00
drill  0.000000
shape_offset  0.000000  0.000000
$EndPAD
$PAD "6"
Shape Rect Layer front
position -9.000000 -1.540000  size  0.200000  0.700000  orientation 0.00
drill  0.000000
shape_offset  0.000000  0.000000
$EndPAD
$PAD "5"
Shape Rect Layer front
position -9.000000  1.540000  size  0.200000  0.700000  orientation 0.00
drill  0.000000
shape_offset  0.000000  0.000000
$EndPAD
$PAD "4"
Shape Rect Layer front
position -9.400000 -1.540000  size  0.200000  0.700000  orientation 0.00
drill  0.000000
shape_offset  0.000000  0.000000
$EndPAD
$PAD "3"
Shape Rect Layer front
position -9.400000  1.540000  size  0.200000  0.700000  orientation 0.00
drill  0.000000
shape_offset  0.000000  0.000000
$EndPAD
$PAD "2"
Shape Rect Layer front
position -9.800000 -1.540000  size  0.200000  0.700000  orientation 0.00
drill  0.000000
shape_offset  0.000000  0.000000
$EndPAD
$PAD "1"
Shape Rect Layer front
position -9.800000  1.540000  size  0.200000  0.700000  orientation 0.00
drill  0.000000
shape_offset  0.000000  0.000000
$EndPAD
$EndMODULE  J2

$MODULE "J1"
reference "J1"
value "MEZZANINE"
footprint "icarus_interface:MEZZANINE"
attribut smd
position 112.630000 33.606000  orientation 180.00
layer front
$PAD "100"
Shape Rect Layer front
position  9.800000 -1.540000  size  0.200000  0.700000  orientation 0.00
drill  0.000000
shape_offset  0.000000  0.000000
$EndPAD
$PAD "99"
Shape Rect Layer front
position  9.800000  1.540000  size  0.200000  0.700000  orientation 0.00
drill  0.000000
shape_offset  0.000000  0.000000
$EndPAD
$PAD "98"
Shape Rect Layer front
position  9.400000 -1.540000  size  0.200000  0.700000  orientation 0.00
drill  0.000000
shape_offset  0.000000  0.000000
$EndPAD
$PAD "97"
Shape Rect Layer front
position  9.400000  1.540000  size  0.200000  0.700000  orientation 0.00
drill  0.000000
shape_offset  0.000000  0.000000
$EndPAD
$PAD "96"
Shape Rect Layer front
position  9.000000 -1.540000  size  0.200000  0.700000  orientation 0.00
drill  0.000000
shape_offset  0.000000  0.000000
$EndPAD
$PAD "95"
Shape Rect Layer front
position  9.000000  1.540000  size  0.200000  0.700000  orientation 0.00
drill  0.000000
shape_offset  0.000000  0.000000
$EndPAD
$PAD "94"
Shape Rect Layer front
position  8.600000 -1.540000  size  0.200000  0.700000  orientation 0.00
drill  0.000000
shape_offset  0.000000  0.000000
$EndPAD
$PAD "93"
Shape Rect Layer front
position  8.600000  1.540000  size  0.200000  0.700000  orientation 0.00
drill  0.000000
shape_offset  0.000000  0.000000
$EndPAD
$PAD "92"
Shape Rect Layer front
position  8.200000 -1.540000  size  0.200000  0.700000  orientation 0.00
drill  0.000000
shape_offset  0.000000  0.000000
$EndPAD
$PAD "91"
Shape Rect Layer front
position  8.200000  1.540000  size  0.200000  0.700000  orientation 0.00
drill  0.000000
shape_offset  0.000000  0.000000
$EndPAD
$PAD "90"
Shape Rect Layer front
position  7.800000 -1.540000  size  0.200000  0.700000  orientation 0.00
drill  0.000000
shape_offset  0.000000  0.000000
$EndPAD
$PAD "89"
Shape Rect Layer front
position  7.800000  1.540000  size  0.200000  0.700000  orientation 0.00
drill  0.000000
shape_offset  0.000000  0.000000
$EndPAD
$PAD "88"
Shape Rect Layer front
position  7.400000 -1.540000  size  0.200000  0.700000  orientation 0.00
drill  0.000000
shape_offset  0.000000  0.000000
$EndPAD
$PAD "87"
Shape Rect Layer front
position  7.400000  1.540000  size  0.200000  0.700000  orientation 0.00
drill  0.000000
shape_offset  0.000000  0.000000
$EndPAD
$PAD "86"
Shape Rect Layer front
position  7.000000 -1.540000  size  0.200000  0.700000  orientation 0.00
drill  0.000000
shape_offset  0.000000  0.000000
$EndPAD
$PAD "85"
Shape Rect Layer front
position  7.000000  1.540000  size  0.200000  0.700000  orientation 0.00
drill  0.000000
shape_offset  0.000000  0.000000
$EndPAD
$PAD "84"
Shape Rect Layer front
position  6.600000 -1.540000  size  0.200000  0.700000  orientation 0.00
drill  0.000000
shape_offset  0.000000  0.000000
$EndPAD
$PAD "83"
Shape Rect Layer front
position  6.600000  1.540000  size  0.200000  0.700000  orientation 0.00
drill  0.000000
shape_offset  0.000000  0.000000
$EndPAD
$PAD "82"
Shape Rect Layer front
position  6.200000 -1.540000  size  0.200000  0.700000  orientation 0.00
drill  0.000000
shape_offset  0.000000  0.000000
$EndPAD
$PAD "81"
Shape Rect Layer front
position  6.200000  1.540000  size  0.200000  0.700000  orientation 0.00
drill  0.000000
shape_offset  0.000000  0.000000
$EndPAD
$PAD "80"
Shape Rect Layer front
position  5.800000 -1.540000  size  0.200000  0.700000  orientation 0.00
drill  0.000000
shape_offset  0.000000  0.000000
$EndPAD
$PAD "79"
Shape Rect Layer front
position  5.800000  1.540000  size  0.200000  0.700000  orientation 0.00
drill  0.000000
shape_offset  0.000000  0.000000
$EndPAD
$PAD "78"
Shape Rect Layer front
position  5.400000 -1.540000  size  0.200000  0.700000  orientation 0.00
drill  0.000000
shape_offset  0.000000  0.000000
$EndPAD
$PAD "77"
Shape Rect Layer front
position  5.400000  1.540000  size  0.200000  0.700000  orientation 0.00
drill  0.000000
shape_offset  0.000000  0.000000
$EndPAD
$PAD "76"
Shape Rect Layer front
position  5.000000 -1.540000  size  0.200000  0.700000  orientation 0.00
drill  0.000000
shape_offset  0.000000  0.000000
$EndPAD
$PAD "75"
Shape Rect Layer front
position  5.000000  1.540000  size  0.200000  0.700000  orientation 0.00
drill  0.000000
shape_offset  0.000000  0.000000
$EndPAD
$PAD "74"
Shape Rect Layer front
position  4.600000 -1.540000  size  0.200000  0.700000  orientation 0.00
drill  0.000000
shape_offset  0.000000  0.000000
$EndPAD
$PAD "73"
Shape Rect Layer front
position  4.600000  1.540000  size  0.200000  0.700000  orientation 0.00
drill  0.000000
shape_offset  0.000000  0.000000
$EndPAD
$PAD "72"
Shape Rect Layer front
position  4.200000 -1.540000  size  0.200000  0.700000  orientation 0.00
drill  0.000000
shape_offset  0.000000  0.000000
$EndPAD
$PAD "71"
Shape Rect Layer front
position  4.200000  1.540000  size  0.200000  0.700000  orientation 0.00
drill  0.000000
shape_offset  0.000000  0.000000
$EndPAD
$PAD "70"
Shape Rect Layer front
position  3.800000 -1.540000  size  0.200000  0.700000  orientation 0.00
drill  0.000000
shape_offset  0.000000  0.000000
$EndPAD
$PAD "69"
Shape Rect Layer front
position  3.800000  1.540000  size  0.200000  0.700000  orientation 0.00
drill  0.000000
shape_offset  0.000000  0.000000
$EndPAD
$PAD "68"
Shape Rect Layer front
position  3.400000 -1.540000  size  0.200000  0.700000  orientation 0.00
drill  0.000000
shape_offset  0.000000  0.000000
$EndPAD
$PAD "67"
Shape Rect Layer front
position  3.400000  1.540000  size  0.200000  0.700000  orientation 0.00
drill  0.000000
shape_offset  0.000000  0.000000
$EndPAD
$PAD "66"
Shape Rect Layer front
position  3.000000 -1.540000  size  0.200000  0.700000  orientation 0.00
drill  0.000000
shape_offset  0.000000  0.000000
$EndPAD
$PAD "65"
Shape Rect Layer front
position  3.000000  1.540000  size  0.200000  0.700000  orientation 0.00
drill  0.000000
shape_offset  0.000000  0.000000
$EndPAD
$PAD "64"
Shape Rect Layer front
position  2.600000 -1.540000  size  0.200000  0.700000  orientation 0.00
drill  0.000000
shape_offset  0.000000  0.000000
$EndPAD
$PAD "63"
Shape Rect Layer front
position  2.600000  1.540000  size  0.200000  0.700000  orientation 0.00
drill  0.000000
shape_offset  0.000000  0.000000
$EndPAD
$PAD "62"
Shape Rect Layer front
position  2.200000 -1.540000  size  0.200000  0.700000  orientation 0.00
drill  0.000000
shape_offset  0.000000  0.000000
$EndPAD
$PAD "61"
Shape Rect Layer front
position  2.200000  1.540000  size  0.200000  0.700000  orientation 0.00
drill  0.000000
shape_offset  0.000000  0.000000
$EndPAD
$PAD "60"
Shape Rect Layer front
position  1.800000 -1.540000  size  0.200000  0.700000  orientation 0.00
drill  0.000000
shape_offset  0.000000  0.000000
$EndPAD
$PAD "59"
Shape Rect Layer front
position  1.800000  1.540000  size  0.200000  0.700000  orientation 0.00
drill  0.000000
shape_offset  0.000000  0.000000
$EndPAD
$PAD "58"
Shape Rect Layer front
position  1.400000 -1.540000  size  0.200000  0.700000  orientation 0.00
drill  0.000000
shape_offset  0.000000  0.000000
$EndPAD
$PAD "57"
Shape Rect Layer front
position  1.400000  1.540000  size  0.200000  0.700000  orientation 0.00
drill  0.000000
shape_offset  0.000000  0.000000
$EndPAD
$PAD "56"
Shape Rect Layer front
position  1.000000 -1.540000  size  0.200000  0.700000  orientation 0.00
drill  0.000000
shape_offset  0.000000  0.000000
$EndPAD
$PAD "55"
Shape Rect Layer front
position  1.000000  1.540000  size  0.200000  0.700000  orientation 0.00
drill  0.000000
shape_offset  0.000000  0.000000
$EndPAD
$PAD "54"
Shape Rect Layer front
position  0.600000 -1.540000  size  0.200000  0.700000  orientation 0.00
drill  0.000000
shape_offset  0.000000  0.000000
$EndPAD
$PAD "53"
Shape Rect Layer front
position  0.600000  1.540000  size  0.200000  0.700000  orientation 0.00
drill  0.000000
shape_offset  0.000000  0.000000
$EndPAD
$PAD "52"
Shape Rect Layer front
position  0.200000 -1.540000  size  0.200000  0.700000  orientation 0.00
drill  0.000000
shape_offset  0.000000  0.000000
$EndPAD
$PAD "51"
Shape Rect Layer front
position  0.200000  1.540000  size  0.200000  0.700000  orientation 0.00
drill  0.000000
shape_offset  0.000000  0.000000
$EndPAD
$PAD "50"
Shape Rect Layer front
position -0.200000 -1.540000  size  0.200000  0.700000  orientation 0.00
drill  0.000000
shape_offset  0.000000  0.000000
$EndPAD
$PAD "49"
Shape Rect Layer front
position -0.200000  1.540000  size  0.200000  0.700000  orientation 0.00
drill  0.000000
shape_offset  0.000000  0.000000
$EndPAD
$PAD "48"
Shape Rect Layer front
position -0.600000 -1.540000  size  0.200000  0.700000  orientation 0.00
drill  0.000000
shape_offset  0.000000  0.000000
$EndPAD
$PAD "47"
Shape Rect Layer front
position -0.600000  1.540000  size  0.200000  0.700000  orientation 0.00
drill  0.000000
shape_offset  0.000000  0.000000
$EndPAD
$PAD "46"
Shape Rect Layer front
position -1.000000 -1.540000  size  0.200000  0.700000  orientation 0.00
drill  0.000000
shape_offset  0.000000  0.000000
$EndPAD
$PAD "45"
Shape Rect Layer front
position -1.000000  1.540000  size  0.200000  0.700000  orientation 0.00
drill  0.000000
shape_offset  0.000000  0.000000
$EndPAD
$PAD "44"
Shape Rect Layer front
position -1.400000 -1.540000  size  0.200000  0.700000  orientation 0.00
drill  0.000000
shape_offset  0.000000  0.000000
$EndPAD
$PAD "43"
Shape Rect Layer front
position -1.400000  1.540000  size  0.200000  0.700000  orientation 0.00
drill  0.000000
shape_offset  0.000000  0.000000
$EndPAD
$PAD "42"
Shape Rect Layer front
position -1.800000 -1.540000  size  0.200000  0.700000  orientation 0.00
drill  0.000000
shape_offset  0.000000  0.000000
$EndPAD
$PAD "41"
Shape Rect Layer front
position -1.800000  1.540000  size  0.200000  0.700000  orientation 0.00
drill  0.000000
shape_offset  0.000000  0.000000
$EndPAD
$PAD "40"
Shape Rect Layer front
position -2.200000 -1.540000  size  0.200000  0.700000  orientation 0.00
drill  0.000000
shape_offset  0.000000  0.000000
$EndPAD
$PAD "39"
Shape Rect Layer front
position -2.200000  1.540000  size  0.200000  0.700000  orientation 0.00
drill  0.000000
shape_offset  0.000000  0.000000
$EndPAD
$PAD "38"
Shape Rect Layer front
position -2.600000 -1.540000  size  0.200000  0.700000  orientation 0.00
drill  0.000000
shape_offset  0.000000  0.000000
$EndPAD
$PAD "37"
Shape Rect Layer front
position -2.600000  1.540000  size  0.200000  0.700000  orientation 0.00
drill  0.000000
shape_offset  0.000000  0.000000
$EndPAD
$PAD "36"
Shape Rect Layer front
position -3.000000 -1.540000  size  0.200000  0.700000  orientation 0.00
drill  0.000000
shape_offset  0.000000  0.000000
$EndPAD
$PAD "35"
Shape Rect Layer front
position -3.000000  1.540000  size  0.200000  0.700000  orientation 0.00
drill  0.000000
shape_offset  0.000000  0.000000
$EndPAD
$PAD "34"
Shape Rect Layer front
position -3.400000 -1.540000  size  0.200000  0.700000  orientation 0.00
drill  0.000000
shape_offset  0.000000  0.000000
$EndPAD
$PAD "33"
Shape Rect Layer front
position -3.400000  1.540000  size  0.200000  0.700000  orientation 0.00
drill  0.000000
shape_offset  0.000000  0.000000
$EndPAD
$PAD "32"
Shape Rect Layer front
position -3.800000 -1.540000  size  0.200000  0.700000  orientation 0.00
drill  0.000000
shape_offset  0.000000  0.000000
$EndPAD
$PAD "31"
Shape Rect Layer front
position -3.800000  1.540000  size  0.200000  0.700000  orientation 0.00
drill  0.000000
shape_offset  0.000000  0.000000
$EndPAD
$PAD "30"
Shape Rect Layer front
position -4.200000 -1.540000  size  0.200000  0.700000  orientation 0.00
drill  0.000000
shape_offset  0.000000  0.000000
$EndPAD
$PAD "29"
Shape Rect Layer front
position -4.200000  1.540000  size  0.200000  0.700000  orientation 0.00
drill  0.000000
shape_offset  0.000000  0.000000
$EndPAD
$PAD "28"
Shape Rect Layer front
position -4.600000 -1.540000  size  0.200000  0.700000  orientation 0.00
drill  0.000000
shape_offset  0.000000  0.000000
$EndPAD
$PAD "27"
Shape Rect Layer front
position -4.600000  1.540000  size  0.200000  0.700000  orientation 0.00
drill  0.000000
shape_offset  0.000000  0.000000
$EndPAD
$PAD "26"
Shape Rect Layer front
position -5.000000 -1.540000  size  0.200000  0.700000  orientation 0.00
drill  0.000000
shape_offset  0.000000  0.000000
$EndPAD
$PAD "25"
Shape Rect Layer front
position -5.000000  1.540000  size  0.200000  0.700000  orientation 0.00
drill  0.000000
shape_offset  0.000000  0.000000
$EndPAD
$PAD "24"
Shape Rect Layer front
position -5.400000 -1.540000  size  0.200000  0.700000  orientation 0.00
drill  0.000000
shape_offset  0.000000  0.000000
$EndPAD
$PAD "23"
Shape Rect Layer front
position -5.400000  1.540000  size  0.200000  0.700000  orientation 0.00
drill  0.000000
shape_offset  0.000000  0.000000
$EndPAD
$PAD "22"
Shape Rect Layer front
position -5.800000 -1.540000  size  0.200000  0.700000  orientation 0.00
drill  0.000000
shape_offset  0.000000  0.000000
$EndPAD
$PAD "21"
Shape Rect Layer front
position -5.800000  1.540000  size  0.200000  0.700000  orientation 0.00
drill  0.000000
shape_offset  0.000000  0.000000
$EndPAD
$PAD "20"
Shape Rect Layer front
position -6.200000 -1.540000  size  0.200000  0.700000  orientation 0.00
drill  0.000000
shape_offset  0.000000  0.000000
$EndPAD
$PAD "19"
Shape Rect Layer front
position -6.200000  1.540000  size  0.200000  0.700000  orientation 0.00
drill  0.000000
shape_offset  0.000000  0.000000
$EndPAD
$PAD "18"
Shape Rect Layer front
position -6.600000 -1.540000  size  0.200000  0.700000  orientation 0.00
drill  0.000000
shape_offset  0.000000  0.000000
$EndPAD
$PAD "17"
Shape Rect Layer front
position -6.600000  1.540000  size  0.200000  0.700000  orientation 0.00
drill  0.000000
shape_offset  0.000000  0.000000
$EndPAD
$PAD "16"
Shape Rect Layer front
position -7.000000 -1.540000  size  0.200000  0.700000  orientation 0.00
drill  0.000000
shape_offset  0.000000  0.000000
$EndPAD
$PAD "15"
Shape Rect Layer front
position -7.000000  1.540000  size  0.200000  0.700000  orientation 0.00
drill  0.000000
shape_offset  0.000000  0.000000
$EndPAD
$PAD "14"
Shape Rect Layer front
position -7.400000 -1.540000  size  0.200000  0.700000  orientation 0.00
drill  0.000000
shape_offset  0.000000  0.000000
$EndPAD
$PAD "13"
Shape Rect Layer front
position -7.400000  1.540000  size  0.200000  0.700000  orientation 0.00
drill  0.000000
shape_offset  0.000000  0.000000
$EndPAD
$PAD "12"
Shape Rect Layer front
position -7.800000 -1.540000  size  0.200000  0.700000  orientation 0.00
drill  0.000000
shape_offset  0.000000  0.000000
$EndPAD
$PAD "11"
Shape Rect Layer front
position -7.800000  1.540000  size  0.200000  0.700000  orientation 0.00
drill  0.000000
shape_offset  0.000000  0.000000
$EndPAD
$PAD "10"
Shape Rect Layer front
position -8.200000 -1.540000  size  0.200000  0.700000  orientation 0.00
drill  0.000000
shape_offset  0.000000  0.000000
$EndPAD
$PAD "9"
Shape Rect Layer front
position -8.200000  1.540000  size  0.200000  0.700000  orientation 0.00
drill  0.000000
shape_offset  0.000000  0.000000
$EndPAD
$PAD "8"
Shape Rect Layer front
position -8.600000 -1.540000  size  0.200000  0.700000  orientation 0.00
drill  0.000000
shape_offset  0.000000  0.000000
$EndPAD
$PAD "7"
Shape Rect Layer front
position -8.600000  1.540000  size  0.200000  0.700000  orientation 0.00
drill  0.000000
shape_offset  0.000000  0.000000
$EndPAD
$PAD "6"
Shape Rect Layer front
position -9.000000 -1.540000  size  0.200000  0.700000  orientation 0.00
drill  0.000000
shape_offset  0.000000  0.000000
$EndPAD
$PAD "5"
Shape Rect Layer front
position -9.000000  1.540000  size  0.200000  0.700000  orientation 0.00
drill  0.000000
shape_offset  0.000000  0.000000
$EndPAD
$PAD "4"
Shape Rect Layer front
position -9.400000 -1.540000  size  0.200000  0.700000  orientation 0.00
drill  0.000000
shape_offset  0.000000  0.000000
$EndPAD
$PAD "3"
Shape Rect Layer front
position -9.400000  1.540000  size  0.200000  0.700000  orientation 0.00
drill  0.000000
shape_offset  0.000000  0.000000
$EndPAD
$PAD "2"
Shape Rect Layer front
position -9.800000 -1.540000  size  0.200000  0.700000  orientation 0.00
drill  0.000000
shape_offset  0.000000  0.000000
$EndPAD
$PAD "1"
Shape Rect Layer front
position -9.800000  1.540000  size  0.200000  0.700000  orientation 0.00
drill  0.000000
shape_offset  0.000000  0.000000
$EndPAD
$EndMODULE  J1

$MODULE "R19"
reference "R19"
value "1k"
footprint "Resistor_SMD:R_0805_2012Metric"
attribut smd
position 134.366000 37.338000  orientation 270.00
layer front
$PAD "2"
Shape Roundrect Layer front
position  0.912500  0.000000  size  1.025000  1.400000  orientation 0.00
drill  0.000000
shape_offset  0.000000  0.000000
$EndPAD
$PAD "1"
Shape Roundrect Layer front
position -0.912500  0.000000  size  1.025000  1.400000  orientation 0.00
drill  0.000000
shape_offset  0.000000  0.000000
$EndPAD
$EndMODULE  R19

$MODULE "R18"
reference "R18"
value "1k"
footprint "Resistor_SMD:R_0805_2012Metric"
attribut smd
position 114.808000 40.386000  orientation 270.00
layer front
$PAD "2"
Shape Roundrect Layer front
position  0.912500  0.000000  size  1.025000  1.400000  orientation 0.00
drill  0.000000
shape_offset  0.000000  0.000000
$EndPAD
$PAD "1"
Shape Roundrect Layer front
position -0.912500  0.000000  size  1.025000  1.400000  orientation 0.00
drill  0.000000
shape_offset  0.000000  0.000000
$EndPAD
$EndMODULE  R18

$MODULE "R17"
reference "R17"
value "1k"
footprint "Resistor_SMD:R_0805_2012Metric"
attribut smd
position 116.840000 40.386000  orientation 270.00
layer front
$PAD "2"
Shape Roundrect Layer front
position  0.912500  0.000000  size  1.025000  1.400000  orientation 0.00
drill  0.000000
shape_offset  0.000000  0.000000
$EndPAD
$PAD "1"
Shape Roundrect Layer front
position -0.912500  0.000000  size  1.025000  1.400000  orientation 0.00
drill  0.000000
shape_offset  0.000000  0.000000
$EndPAD
$EndMODULE  R17

$MODULE "R16"
reference "R16"
value "1k"
footprint "Resistor_SMD:R_0805_2012Metric"
attribut smd
position 118.872000 40.386000  orientation 270.00
layer front
$PAD "2"
Shape Roundrect Layer front
position  0.912500  0.000000  size  1.025000  1.400000  orientation 0.00
drill  0.000000
shape_offset  0.000000  0.000000
$EndPAD
$PAD "1"
Shape Roundrect Layer front
position -0.912500  0.000000  size  1.025000  1.400000  orientation 0.00
drill  0.000000
shape_offset  0.000000  0.000000
$EndPAD
$EndMODULE  R16

$MODULE "R15"
reference "R15"
value "1k"
footprint "Resistor_SMD:R_0805_2012Metric"
attribut smd
position 111.760000 43.942000  orientation 270.00
layer back
$PAD "2"
Shape Roundrect Layer back
position  0.912500  0.000000  size  1.025000  1.400000  orientation 0.00
drill  0.000000
shape_offset  0.000000  0.000000
$EndPAD
$PAD "1"
Shape Roundrect Layer back
position -0.912500  0.000000  size  1.025000  1.400000  orientation 0.00
drill  0.000000
shape_offset  0.000000  0.000000
$EndPAD
$EndMODULE  R15

$MODULE "R14"
reference "R14"
value "1k"
footprint "Resistor_SMD:R_0805_2012Metric"
attribut smd
position 114.046000 43.942000  orientation 270.00
layer back
$PAD "2"
Shape Roundrect Layer back
position  0.912500  0.000000  size  1.025000  1.400000  orientation 0.00
drill  0.000000
shape_offset  0.000000  0.000000
$EndPAD
$PAD "1"
Shape Roundrect Layer back
position -0.912500  0.000000  size  1.025000  1.400000  orientation 0.00
drill  0.000000
shape_offset  0.000000  0.000000
$EndPAD
$EndMODULE  R14

$MODULE "R13"
reference "R13"
value "82.5k"
footprint "Resistor_SMD:R_0805_2012Metric"
attribut smd
position 143.764000 37.592000  orientation 180.00
layer front
$PAD "2"
Shape Roundrect Layer front
position  0.912500  0.000000  size  1.025000  1.400000  orientation 0.00
drill  0.000000
shape_offset  0.000000  0.000000
$EndPAD
$PAD "1"
Shape Roundrect Layer front
position -0.912500  0.000000  size  1.025000  1.400000  orientation 0.00
drill  0.000000
shape_offset  0.000000  0.000000
$EndPAD
$EndMODULE  R13

$MODULE "R12"
reference "R12"
value "511k"
footprint "Resistor_SMD:R_0805_2012Metric"
attribut smd
position 147.066000 37.592000  orientation 180.00
layer front
$PAD "2"
Shape Roundrect Layer front
position  0.912500  0.000000  size  1.025000  1.400000  orientation 0.00
drill  0.000000
shape_offset  0.000000  0.000000
$EndPAD
$PAD "1"
Shape Roundrect Layer front
position -0.912500  0.000000  size  1.025000  1.400000  orientation 0.00
drill  0.000000
shape_offset  0.000000  0.000000
$EndPAD
$EndMODULE  R12

$MODULE "C2"
reference "C2"
value "10u"
footprint "Capacitor_SMD:C_1206_3216Metric"
attribut smd
position 146.304000 33.020000  orientation 180.00
layer front
$PAD "2"
Shape Roundrect Layer front
position  1.475000  0.000000  size  1.150000  1.800000  orientation 0.00
drill  0.000000
shape_offset  0.000000  0.000000
$EndPAD
$PAD "1"
Shape Roundrect Layer front
position -1.475000  0.000000  size  1.150000  1.800000  orientation 0.00
drill  0.000000
shape_offset  0.000000  0.000000
$EndPAD
$EndMODULE  C2

$MODULE "C1"
reference "C1"
value "10u"
footprint "Capacitor_SMD:C_1206_3216Metric"
attribut smd
position 146.304000 35.306000  orientation 180.00
layer front
$PAD "2"
Shape Roundrect Layer front
position  1.475000  0.000000  size  1.150000  1.800000  orientation 0.00
drill  0.000000
shape_offset  0.000000  0.000000
$EndPAD
$PAD "1"
Shape Roundrect Layer front
position -1.475000  0.000000  size  1.150000  1.800000  orientation 0.00
drill  0.000000
shape_offset  0.000000  0.000000
$EndPAD
$EndMODULE  C1

$MODULE "C10"
reference "C10"
value "100u"
footprint "Capacitor_Tantalum_SMD:CP_EIA-3528-21_Kemet-B"
attribut smd
position 139.192000 39.116000  orientation 0.00
layer back
$PAD "2"
Shape Roundrect Layer back
position  1.537500  0.000000  size  1.325000  2.350000  orientation 0.00
drill  0.000000
shape_offset  0.000000  0.000000
$EndPAD
$PAD "1"
Shape Roundrect Layer back
position -1.537500  0.000000  size  1.325000  2.350000  orientation 0.00
drill  0.000000
shape_offset  0.000000  0.000000
$EndPAD
$EndMODULE  C10

$MODULE "J5"
reference "J5"
value "4pin_header"
footprint "Connector_PinHeader_2.54mm:PinHeader_1x04_P2.54mm_Vertical"
attribut none
position 151.892000 60.960000  orientation 0.00
layer front
$PAD "4"
Shape Oval Layer both
position  0.000000  7.620000  size  1.700000  1.700000  orientation 0.00
drill  1.000000
shape_offset  0.000000  0.000000
$EndPAD
$PAD "3"
Shape Oval Layer both
position  0.000000  5.080000  size  1.700000  1.700000  orientation 0.00
drill  1.000000
shape_offset  0.000000  0.000000
$EndPAD
$PAD "2"
Shape Oval Layer both
position  0.000000  2.540000  size  1.700000  1.700000  orientation 0.00
drill  1.000000
shape_offset  0.000000  0.000000
$EndPAD
$PAD "1"
Shape Rect Layer both
position  0.000000  0.000000  size  1.700000  1.700000  orientation 0.00
drill  1.000000
shape_offset  0.000000  0.000000
$EndPAD
$EndMODULE  J5

$MODULE "J4"
reference "J4"
value "4pin_header"
footprint "Connector_PinHeader_2.54mm:PinHeader_1x04_P2.54mm_Vertical"
attribut none
position 148.336000 68.580000  orientation 180.00
layer front
$PAD "4"
Shape Oval Layer both
position  0.000000  7.620000  size  1.700000  1.700000  orientation 0.00
drill  1.000000
shape_offset  0.000000  0.000000
$EndPAD
$PAD "3"
Shape Oval Layer both
position  0.000000  5.080000  size  1.700000  1.700000  orientation 0.00
drill  1.000000
shape_offset  0.000000  0.000000
$EndPAD
$PAD "2"
Shape Oval Layer both
position  0.000000  2.540000  size  1.700000  1.700000  orientation 0.00
drill  1.000000
shape_offset  0.000000  0.000000
$EndPAD
$PAD "1"
Shape Rect Layer both
position  0.000000  0.000000  size  1.700000  1.700000  orientation 0.00
drill  1.000000
shape_offset  0.000000  0.000000
$EndPAD
$EndMODULE  J4

$MODULE "J3"
reference "J3"
value "4pin_header"
footprint "Connector_PinHeader_2.54mm:PinHeader_1x04_P2.54mm_Vertical"
attribut none
position 144.780000 68.580000  orientation 180.00
layer front
$PAD "4"
Shape Oval Layer both
position  0.000000  7.620000  size  1.700000  1.700000  orientation 0.00
drill  1.000000
shape_offset  0.000000  0.000000
$EndPAD
$PAD "3"
Shape Oval Layer both
position  0.000000  5.080000  size  1.700000  1.700000  orientation 0.00
drill  1.000000
shape_offset  0.000000  0.000000
$EndPAD
$PAD "2"
Shape Oval Layer both
position  0.000000  2.540000  size  1.700000  1.700000  orientation 0.00
drill  1.000000
shape_offset  0.000000  0.000000
$EndPAD
$PAD "1"
Shape Rect Layer both
position  0.000000  0.000000  size  1.700000  1.700000  orientation 0.00
drill  1.000000
shape_offset  0.000000  0.000000
$EndPAD
$EndMODULE  J3

$MODULE "R11"
reference "R11"
value "1k"
footprint "Resistor_SMD:R_0805_2012Metric"
attribut smd
position 134.366000 33.909000  orientation 270.00
layer front
$PAD "2"
Shape Roundrect Layer front
position  0.912500  0.000000  size  1.025000  1.400000  orientation 0.00
drill  0.000000
shape_offset  0.000000  0.000000
$EndPAD
$PAD "1"
Shape Roundrect Layer front
position -0.912500  0.000000  size  1.025000  1.400000  orientation 0.00
drill  0.000000
shape_offset  0.000000  0.000000
$EndPAD
$EndMODULE  R11

$MODULE "D8"
reference "D8"
value "LED"
footprint "LED_SMD:LED_0603_1608Metric"
attribut smd
position 135.382000 30.861000  orientation 90.00
layer front
$PAD "2"
Shape Roundrect Layer front
position  0.787500  0.000000  size  0.875000  0.950000  orientation 0.00
drill  0.000000
shape_offset  0.000000  0.000000
$EndPAD
$PAD "1"
Shape Roundrect Layer front
position -0.787500  0.000000  size  0.875000  0.950000  orientation 0.00
drill  0.000000
shape_offset  0.000000  0.000000
$EndPAD
$EndMODULE  D8

$MODULE "C3"
reference "C3"
value "10u"
footprint "Capacitor_SMD:C_1206_3216Metric"
attribut smd
position 151.384000 33.782000  orientation 0.00
layer front
$PAD "2"
Shape Roundrect Layer front
position  1.475000  0.000000  size  1.150000  1.800000  orientation 0.00
drill  0.000000
shape_offset  0.000000  0.000000
$EndPAD
$PAD "1"
Shape Roundrect Layer front
position -1.475000  0.000000  size  1.150000  1.800000  orientation 0.00
drill  0.000000
shape_offset  0.000000  0.000000
$EndPAD
$EndMODULE  C3

$MODULE "C4"
reference "C4"
value "10u"
footprint "Capacitor_SMD:C_1206_3216Metric"
attribut smd
position 151.384000 36.068000  orientation 0.00
layer front
$PAD "2"
Shape Roundrect Layer front
position  1.475000  0.000000  size  1.150000  1.800000  orientation 0.00
drill  0.000000
shape_offset  0.000000  0.000000
$EndPAD
$PAD "1"
Shape Roundrect Layer front
position -1.475000  0.000000  size  1.150000  1.800000  orientation 0.00
drill  0.000000
shape_offset  0.000000  0.000000
$EndPAD
$EndMODULE  C4

$MODULE "G***"
reference "G***"
value "LOGO"
footprint "pegasus_interface:kraken"
attribut none
position 110.490000 65.278000  orientation 180.00
layer back
$EndMODULE  G***

$MODULE "G***"
reference "G***"
value "LOGO"
footprint "pegasus_interface:RPI"
attribut none
position 96.774000 66.802000  orientation 0.00
layer front
$EndMODULE  G***

$MODULE "G***"
reference "G***"
value "LOGO"
footprint "pegasus_interface:ERT"
attribut none
position 121.920000 53.086000  orientation 0.00
layer front
$EndMODULE  G***

$MODULE "C11"
reference "C11"
value "10u"
footprint "Capacitor_SMD:C_1206_3216Metric"
attribut smd
position 139.192000 49.276000  orientation 0.00
layer back
$PAD "2"
Shape Roundrect Layer back
position  1.475000  0.000000  size  1.150000  1.800000  orientation 0.00
drill  0.000000
shape_offset  0.000000  0.000000
$EndPAD
$PAD "1"
Shape Roundrect Layer back
position -1.475000  0.000000  size  1.150000  1.800000  orientation 0.00
drill  0.000000
shape_offset  0.000000  0.000000
$EndPAD
$EndMODULE  C11

$MODULE "C10"
reference "C10"
value "10u"
footprint "Capacitor_SMD:C_1206_3216Metric"
attribut smd
position 139.192000 46.990000  orientation 0.00
layer back
$PAD "2"
Shape Roundrect Layer back
position  1.475000  0.000000  size  1.150000  1.800000  orientation 0.00
drill  0.000000
shape_offset  0.000000  0.000000
$EndPAD
$PAD "1"
Shape Roundrect Layer back
position -1.475000  0.000000  size  1.150000  1.800000  orientation 0.00
drill  0.000000
shape_offset  0.000000  0.000000
$EndPAD
$EndMODULE  C10

$MODULE "C8"
reference "C8"
value "10u"
footprint "Capacitor_SMD:C_1206_3216Metric"
attribut smd
position 139.192000 44.704000  orientation 0.00
layer back
$PAD "2"
Shape Roundrect Layer back
position  1.475000  0.000000  size  1.150000  1.800000  orientation 0.00
drill  0.000000
shape_offset  0.000000  0.000000
$EndPAD
$PAD "1"
Shape Roundrect Layer back
position -1.475000  0.000000  size  1.150000  1.800000  orientation 0.00
drill  0.000000
shape_offset  0.000000  0.000000
$EndPAD
$EndMODULE  C8

$MODULE "R8"
reference "R8"
value "10.2k"
footprint "Resistor_SMD:R_0805_2012Metric"
attribut smd
position 144.272000 44.450000  orientation 90.00
layer front
$PAD "2"
Shape Roundrect Layer front
position  0.912500  0.000000  size  1.025000  1.400000  orientation 0.00
drill  0.000000
shape_offset  0.000000  0.000000
$EndPAD
$PAD "1"
Shape Roundrect Layer front
position -0.912500  0.000000  size  1.025000  1.400000  orientation 0.00
drill  0.000000
shape_offset  0.000000  0.000000
$EndPAD
$EndMODULE  R8

$MODULE "R7"
reference "R7"
value "53.6k"
footprint "Resistor_SMD:R_0805_2012Metric"
attribut smd
position 144.272000 47.648500  orientation 90.00
layer front
$PAD "2"
Shape Roundrect Layer front
position  0.912500  0.000000  size  1.025000  1.400000  orientation 0.00
drill  0.000000
shape_offset  0.000000  0.000000
$EndPAD
$PAD "1"
Shape Roundrect Layer front
position -0.912500  0.000000  size  1.025000  1.400000  orientation 0.00
drill  0.000000
shape_offset  0.000000  0.000000
$EndPAD
$EndMODULE  R7

$MODULE "R5"
reference "R5"
value "13.3k"
footprint "Resistor_SMD:R_0805_2012Metric"
attribut smd
position 146.304000 47.752000  orientation 270.00
layer front
$PAD "2"
Shape Roundrect Layer front
position  0.912500  0.000000  size  1.025000  1.400000  orientation 0.00
drill  0.000000
shape_offset  0.000000  0.000000
$EndPAD
$PAD "1"
Shape Roundrect Layer front
position -0.912500  0.000000  size  1.025000  1.400000  orientation 0.00
drill  0.000000
shape_offset  0.000000  0.000000
$EndPAD
$EndMODULE  R5

$MODULE "R1"
reference "R1"
value "160k"
footprint "Resistor_SMD:R_0805_2012Metric"
attribut smd
position 144.272000 40.640000  orientation 270.00
layer front
$PAD "2"
Shape Roundrect Layer front
position  0.912500  0.000000  size  1.025000  1.400000  orientation 0.00
drill  0.000000
shape_offset  0.000000  0.000000
$EndPAD
$PAD "1"
Shape Roundrect Layer front
position -0.912500  0.000000  size  1.025000  1.400000  orientation 0.00
drill  0.000000
shape_offset  0.000000  0.000000
$EndPAD
$EndMODULE  R1

$MODULE "R10"
reference "R10"
value "1k"
footprint "Resistor_SMD:R_0805_2012Metric"
attribut smd
position 92.075000 40.005000  orientation 0.00
layer front
$PAD "2"
Shape Roundrect Layer front
position  0.912500  0.000000  size  1.025000  1.400000  orientation 0.00
drill  0.000000
shape_offset  0.000000  0.000000
$EndPAD
$PAD "1"
Shape Roundrect Layer front
position -0.912500  0.000000  size  1.025000  1.400000  orientation 0.00
drill  0.000000
shape_offset  0.000000  0.000000
$EndPAD
$EndMODULE  R10

$MODULE "R9"
reference "R9"
value "1k"
footprint "Resistor_SMD:R_0805_2012Metric"
attribut smd
position 92.075000 41.910000  orientation 0.00
layer front
$PAD "2"
Shape Roundrect Layer front
position  0.912500  0.000000  size  1.025000  1.400000  orientation 0.00
drill  0.000000
shape_offset  0.000000  0.000000
$EndPAD
$PAD "1"
Shape Roundrect Layer front
position -0.912500  0.000000  size  1.025000  1.400000  orientation 0.00
drill  0.000000
shape_offset  0.000000  0.000000
$EndPAD
$EndMODULE  R9

$MODULE "R6"
reference "R6"
value "1k"
footprint "Resistor_SMD:R_0805_2012Metric"
attribut smd
position 92.075000 43.815000  orientation 0.00
layer front
$PAD "2"
Shape Roundrect Layer front
position  0.912500  0.000000  size  1.025000  1.400000  orientation 0.00
drill  0.000000
shape_offset  0.000000  0.000000
$EndPAD
$PAD "1"
Shape Roundrect Layer front
position -0.912500  0.000000  size  1.025000  1.400000  orientation 0.00
drill  0.000000
shape_offset  0.000000  0.000000
$EndPAD
$EndMODULE  R6

$MODULE "R4"
reference "R4"
value "1k"
footprint "Resistor_SMD:R_0805_2012Metric"
attribut smd
position 92.075000 45.720000  orientation 0.00
layer front
$PAD "2"
Shape Roundrect Layer front
position  0.912500  0.000000  size  1.025000  1.400000  orientation 0.00
drill  0.000000
shape_offset  0.000000  0.000000
$EndPAD
$PAD "1"
Shape Roundrect Layer front
position -0.912500  0.000000  size  1.025000  1.400000  orientation 0.00
drill  0.000000
shape_offset  0.000000  0.000000
$EndPAD
$EndMODULE  R4

$MODULE "R3"
reference "R3"
value "1k"
footprint "Resistor_SMD:R_0805_2012Metric"
attribut smd
position 132.334000 33.909000  orientation 270.00
layer front
$PAD "2"
Shape Roundrect Layer front
position  0.912500  0.000000  size  1.025000  1.400000  orientation 0.00
drill  0.000000
shape_offset  0.000000  0.000000
$EndPAD
$PAD "1"
Shape Roundrect Layer front
position -0.912500  0.000000  size  1.025000  1.400000  orientation 0.00
drill  0.000000
shape_offset  0.000000  0.000000
$EndPAD
$EndMODULE  R3

$MODULE "R2"
reference "R2"
value "1k"
footprint "Resistor_SMD:R_0805_2012Metric"
attribut smd
position 130.302000 33.909000  orientation 270.00
layer front
$PAD "2"
Shape Roundrect Layer front
position  0.912500  0.000000  size  1.025000  1.400000  orientation 0.00
drill  0.000000
shape_offset  0.000000  0.000000
$EndPAD
$PAD "1"
Shape Roundrect Layer front
position -0.912500  0.000000  size  1.025000  1.400000  orientation 0.00
drill  0.000000
shape_offset  0.000000  0.000000
$EndPAD
$EndMODULE  R2

$MODULE "L1"
reference "L1"
value "4.7u"
footprint "Inductor_SMD:L_Bourns_SRN6045TA"
attribut smd
position 149.606000 54.102000  orientation 270.00
layer front
$PAD "2"
Shape Rect Layer front
position  2.075000  0.000000  size  2.350000  5.100000  orientation 0.00
drill  0.000000
shape_offset  0.000000  0.000000
$EndPAD
$PAD "1"
Shape Rect Layer front
position -2.075000  0.000000  size  2.350000  5.100000  orientation 0.00
drill  0.000000
shape_offset  0.000000  0.000000
$EndPAD
$EndMODULE  L1

$MODULE "D7"
reference "D7"
value "LED"
footprint "LED_SMD:LED_0603_1608Metric"
attribut smd
position 88.265000 40.005000  orientation 180.00
layer front
$PAD "2"
Shape Roundrect Layer front
position  0.787500  0.000000  size  0.875000  0.950000  orientation 0.00
drill  0.000000
shape_offset  0.000000  0.000000
$EndPAD
$PAD "1"
Shape Roundrect Layer front
position -0.787500  0.000000  size  0.875000  0.950000  orientation 0.00
drill  0.000000
shape_offset  0.000000  0.000000
$EndPAD
$EndMODULE  D7

$MODULE "D6"
reference "D6"
value "LED"
footprint "LED_SMD:LED_0603_1608Metric"
attribut smd
position 88.265000 41.910000  orientation 180.00
layer front
$PAD "2"
Shape Roundrect Layer front
position  0.787500  0.000000  size  0.875000  0.950000  orientation 0.00
drill  0.000000
shape_offset  0.000000  0.000000
$EndPAD
$PAD "1"
Shape Roundrect Layer front
position -0.787500  0.000000  size  0.875000  0.950000  orientation 0.00
drill  0.000000
shape_offset  0.000000  0.000000
$EndPAD
$EndMODULE  D6

$MODULE "D5"
reference "D5"
value "LED"
footprint "LED_SMD:LED_0603_1608Metric"
attribut smd
position 88.265000 43.815000  orientation 180.00
layer front
$PAD "2"
Shape Roundrect Layer front
position  0.787500  0.000000  size  0.875000  0.950000  orientation 0.00
drill  0.000000
shape_offset  0.000000  0.000000
$EndPAD
$PAD "1"
Shape Roundrect Layer front
position -0.787500  0.000000  size  0.875000  0.950000  orientation 0.00
drill  0.000000
shape_offset  0.000000  0.000000
$EndPAD
$EndMODULE  D5

$MODULE "D3"
reference "D3"
value "LED"
footprint "LED_SMD:LED_0603_1608Metric"
attribut smd
position 88.265000 45.720000  orientation 180.00
layer front
$PAD "2"
Shape Roundrect Layer front
position  0.787500  0.000000  size  0.875000  0.950000  orientation 0.00
drill  0.000000
shape_offset  0.000000  0.000000
$EndPAD
$PAD "1"
Shape Roundrect Layer front
position -0.787500  0.000000  size  0.875000  0.950000  orientation 0.00
drill  0.000000
shape_offset  0.000000  0.000000
$EndPAD
$EndMODULE  D3

$MODULE "D2"
reference "D2"
value "LED"
footprint "LED_SMD:LED_0603_1608Metric"
attribut smd
position 132.334000 30.861000  orientation 90.00
layer front
$PAD "2"
Shape Roundrect Layer front
position  0.787500  0.000000  size  0.875000  0.950000  orientation 0.00
drill  0.000000
shape_offset  0.000000  0.000000
$EndPAD
$PAD "1"
Shape Roundrect Layer front
position -0.787500  0.000000  size  0.875000  0.950000  orientation 0.00
drill  0.000000
shape_offset  0.000000  0.000000
$EndPAD
$EndMODULE  D2

$MODULE "D1"
reference "D1"
value "LED"
footprint "LED_SMD:LED_0603_1608Metric"
attribut smd
position 130.302000 30.861000  orientation 90.00
layer front
$PAD "2"
Shape Roundrect Layer front
position  0.787500  0.000000  size  0.875000  0.950000  orientation 0.00
drill  0.000000
shape_offset  0.000000  0.000000
$EndPAD
$PAD "1"
Shape Roundrect Layer front
position -0.787500  0.000000  size  0.875000  0.950000  orientation 0.00
drill  0.000000
shape_offset  0.000000  0.000000
$EndPAD
$EndMODULE  D1

$MODULE "C9"
reference "C9"
value "10u"
footprint "Capacitor_SMD:C_1206_3216Metric"
attribut smd
position 139.192000 42.418000  orientation 0.00
layer back
$PAD "2"
Shape Roundrect Layer back
position  1.475000  0.000000  size  1.150000  1.800000  orientation 0.00
drill  0.000000
shape_offset  0.000000  0.000000
$EndPAD
$PAD "1"
Shape Roundrect Layer back
position -1.475000  0.000000  size  1.150000  1.800000  orientation 0.00
drill  0.000000
shape_offset  0.000000  0.000000
$EndPAD
$EndMODULE  C9

$MODULE "C7"
reference "C7"
value "6800p"
footprint "Capacitor_SMD:C_0402_1005Metric"
attribut smd
position 148.054000 48.514000  orientation 0.00
layer front
$PAD "2"
Shape Roundrect Layer front
position  0.480000  0.000000  size  0.560000  0.620000  orientation 0.00
drill  0.000000
shape_offset  0.000000  0.000000
$EndPAD
$PAD "1"
Shape Roundrect Layer front
position -0.480000  0.000000  size  0.560000  0.620000  orientation 0.00
drill  0.000000
shape_offset  0.000000  0.000000
$EndPAD
$EndMODULE  C7

$MODULE "C6"
reference "C6"
value "33p"
footprint "Capacitor_SMD:C_0402_1005Metric"
attribut smd
position 148.054000 46.736000  orientation 0.00
layer front
$PAD "2"
Shape Roundrect Layer front
position  0.480000  0.000000  size  0.560000  0.620000  orientation 0.00
drill  0.000000
shape_offset  0.000000  0.000000
$EndPAD
$PAD "1"
Shape Roundrect Layer front
position -0.480000  0.000000  size  0.560000  0.620000  orientation 0.00
drill  0.000000
shape_offset  0.000000  0.000000
$EndPAD
$EndMODULE  C6

$MODULE "C5"
reference "C5"
value "0.1u"
footprint "Capacitor_SMD:C_1206_3216Metric"
attribut smd
position 152.146000 42.164000  orientation 90.00
layer back
$PAD "2"
Shape Roundrect Layer back
position  1.475000  0.000000  size  1.150000  1.800000  orientation 0.00
drill  0.000000
shape_offset  0.000000  0.000000
$EndPAD
$PAD "1"
Shape Roundrect Layer back
position -1.475000  0.000000  size  1.150000  1.800000  orientation 0.00
drill  0.000000
shape_offset  0.000000  0.000000
$EndPAD
$EndMODULE  C5

$EndDESCRIPTION
